2024-12-26 15:42:23.689 [warning] Settings pattern "issueReporter.*" doesn't match any settings
2024-12-26 15:42:23.974 [info] Started local extension host with pid 2752.
2024-12-26 15:42:24.306 [error] Extension 'ms-python.debugpy CANNOT USE these API proposals 'portsAttributes, debugVisualization, contribViewsWelcome'. You MUST start in extension development mode or use the --enable-proposed-api command line flag
2024-12-26 15:42:24.306 [error] Extension 'ms-python.python CANNOT USE these API proposals 'contribEditorContentMenu, quickPickSortByLabel, testObserver, quickPickItemTooltip, terminalDataWriteEvent, terminalExecuteCommandEvent, codeActionAI, notebookReplDocument, notebookVariableProvider'. You MUST start in extension development mode or use the --enable-proposed-api command line flag
2024-12-26 15:42:24.336 [error] [ms-python.python]: editor/content is a proposed menu identifier. It requires 'package.json#enabledApiProposals: ["contribEditorContentMenu"]' and is only available when running out of dev or with the following command line switch: --enable-proposed-api ms-python.python
2024-12-26 15:42:24.414 [error] TreeError [SettingsTree] Tree element not found: [object Object]: Error: TreeError [SettingsTree] Tree element not found: [object Object]
    at Hds.o (vscode-file://vscode-app/usr/lib/code/out/vs/workbench/workbench.desktop.main.js:415:8336)
    at Hds.rerender (vscode-file://vscode-app/usr/lib/code/out/vs/workbench/workbench.desktop.main.js:415:6797)
    at Tje.rerender (vscode-file://vscode-app/usr/lib/code/out/vs/workbench/workbench.desktop.main.js:415:15664)
    at ky.ad (vscode-file://vscode-app/usr/lib/code/out/vs/workbench/workbench.desktop.main.js:1354:55063)
    at ky.Zc (vscode-file://vscode-app/usr/lib/code/out/vs/workbench/workbench.desktop.main.js:1354:54927)
    at vscode-file://vscode-app/usr/lib/code/out/vs/workbench/workbench.desktop.main.js:1354:54262
    at Set.forEach (<anonymous>)
    at ky.Xc (vscode-file://vscode-app/usr/lib/code/out/vs/workbench/workbench.desktop.main.js:1354:54246)
    at aee.value (vscode-file://vscode-app/usr/lib/code/out/vs/workbench/workbench.desktop.main.js:1354:38181)
    at x.B (vscode-file://vscode-app/usr/lib/code/out/vs/workbench/workbench.desktop.main.js:30:748)
2024-12-26 15:42:25.055 [warning] Settings pattern "issueReporter.*" doesn't match any settings
2024-12-26 15:42:26.541 [warning] Settings pattern "issueReporter.*" doesn't match any settings
2024-12-26 15:42:26.628 [error] ENOENT: no such file or directory, open '/home/edward/.config/Code - OSS/User/globalStorage/vscodevim.vim/.registers': Error: ENOENT: no such file or directory, open '/home/edward/.config/Code - OSS/User/globalStorage/vscodevim.vim/.registers'
2024-12-26 15:42:27.231 [warning] Settings pattern "issueReporter.*" doesn't match any settings
2024-12-26 15:42:28.843 [info] [perf] Render performance baseline is 50ms
2024-12-26 15:42:29.040 [warning] Settings pattern "issueReporter.*" doesn't match any settings
2024-12-26 15:42:29.718 [error] Timed out waiting for authentication provider to register
2024-12-26 15:44:12.576 [warning] Settings pattern "issueReporter.*" doesn't match any settings
