2024-12-25 08:50:46.965 [info] Added views:outline in workbench.view.explorer
2024-12-25 08:50:46.965 [info] Added views:workbench.view.search in workbench.view.search
2024-12-25 08:50:46.965 [info] Added views:workbench.scm in workbench.view.scm
2024-12-25 08:50:46.966 [info] Added views:workbench.panel.markers.view in workbench.panel.markers
2024-12-25 08:50:46.966 [info] Added views:workbench.panel.output in workbench.panel.output
2024-12-25 08:50:46.966 [info] Added views:terminal in terminal
2024-12-25 08:50:46.966 [info] Added views:timeline in workbench.view.explorer
2024-12-25 08:50:46.966 [info] Added views:workbench.explorer.emptyView in workbench.view.explorer
2024-12-25 08:50:47.613 [info] Added views:workbench.debug.variablesView,workbench.debug.watchExpressionsView,workbench.debug.callStackView,workbench.debug.breakPointsView in workbench.view.debug
2024-12-25 08:50:47.684 [info] Added views:~remote.forwardedPorts in ~remote.forwardedPortsContainer
2024-12-25 08:50:48.019 [info] Added views:workbench.panel.repl.view in workbench.panel.repl
2024-12-25 08:50:48.021 [info] Removed views:workbench.debug.breakPointsView,workbench.debug.callStackView,workbench.debug.watchExpressionsView,workbench.debug.variablesView from workbench.view.debug
2024-12-25 08:50:48.021 [info] Added views:workbench.debug.welcome in workbench.view.debug
2024-12-25 08:50:53.647 [info] Added views:workbench.views.extensions.installed,workbench.views.extensions.popular,extensions.recommendedList in workbench.view.extensions
2024-12-25 08:50:53.650 [info] Removed views:workbench.views.extensions.popular from workbench.view.extensions
2024-12-25 08:50:53.849 [info] Added views:workbench.views.extensions.popular in workbench.view.extensions
2024-12-25 08:50:54.275 [info] Removed views:extensions.recommendedList,workbench.views.extensions.popular,workbench.views.extensions.installed from workbench.view.extensions
2024-12-25 08:50:54.292 [info] Added views:workbench.views.extensions.marketplace in workbench.view.extensions
2024-12-25 08:50:57.949 [info] Removed views:workbench.views.extensions.marketplace from workbench.view.extensions
2024-12-25 08:50:57.965 [info] Added views:workbench.views.extensions.installed,workbench.views.extensions.popular,extensions.recommendedList in workbench.view.extensions
2024-12-25 08:51:01.367 [info] Removed views:extensions.recommendedList,workbench.views.extensions.popular,workbench.views.extensions.installed from workbench.view.extensions
2024-12-25 08:51:01.390 [info] Added views:workbench.views.extensions.marketplace in workbench.view.extensions
2024-12-25 08:51:17.101 [info] Removed views:workbench.views.extensions.marketplace from workbench.view.extensions
2024-12-25 08:51:17.121 [info] Added views:workbench.views.extensions.installed,workbench.views.extensions.popular,extensions.recommendedList in workbench.view.extensions
2024-12-25 08:51:18.403 [info] Removed views:extensions.recommendedList,workbench.views.extensions.popular,workbench.views.extensions.installed from workbench.view.extensions
2024-12-25 08:51:18.413 [info] Added views:workbench.views.extensions.marketplace in workbench.view.extensions
2024-12-25 08:51:21.322 [info] Added views:workbench.view.testing in workbench.view.extension.test
2024-12-25 08:51:24.929 [info] Removed views:workbench.views.extensions.marketplace from workbench.view.extensions
2024-12-25 08:51:24.942 [info] Added views:workbench.views.extensions.installed,workbench.views.extensions.popular,extensions.recommendedList in workbench.view.extensions
2024-12-25 08:51:29.306 [info] Removed views:extensions.recommendedList,workbench.views.extensions.popular,workbench.views.extensions.installed from workbench.view.extensions
2024-12-25 08:51:29.322 [info] Added views:workbench.views.extensions.marketplace in workbench.view.extensions
2024-12-25 08:57:59.925 [info] Removed views:workbench.views.extensions.marketplace from workbench.view.extensions
2024-12-25 08:57:59.944 [info] Added views:workbench.views.extensions.installed,workbench.views.extensions.popular,extensions.recommendedList in workbench.view.extensions
2024-12-25 08:58:01.103 [info] Removed views:extensions.recommendedList,workbench.views.extensions.popular,workbench.views.extensions.installed from workbench.view.extensions
2024-12-25 08:58:01.110 [info] Added views:workbench.views.extensions.marketplace in workbench.view.extensions
2024-12-25 08:58:11.962 [info] Removed views:workbench.views.extensions.marketplace from workbench.view.extensions
2024-12-25 08:58:11.980 [info] Added views:workbench.views.extensions.installed,workbench.views.extensions.popular,extensions.recommendedList in workbench.view.extensions
2024-12-25 08:58:13.285 [info] Removed views:extensions.recommendedList,workbench.views.extensions.popular,workbench.views.extensions.installed from workbench.view.extensions
2024-12-25 08:58:13.294 [info] Added views:workbench.views.extensions.marketplace in workbench.view.extensions
2024-12-25 08:58:15.205 [info] Removed views:workbench.views.extensions.marketplace from workbench.view.extensions
2024-12-25 08:58:15.224 [info] Added views:workbench.views.extensions.installed,workbench.views.extensions.popular,extensions.recommendedList in workbench.view.extensions
2024-12-25 08:58:16.792 [info] Removed views:extensions.recommendedList,workbench.views.extensions.popular,workbench.views.extensions.installed from workbench.view.extensions
2024-12-25 08:58:16.801 [info] Added views:workbench.views.extensions.marketplace in workbench.view.extensions
2024-12-25 08:58:20.102 [info] Removed views:workbench.views.extensions.marketplace from workbench.view.extensions
2024-12-25 08:58:20.113 [info] Added views:workbench.views.extensions.installed,workbench.views.extensions.popular,extensions.recommendedList in workbench.view.extensions
2024-12-25 08:58:21.427 [info] Removed views:extensions.recommendedList,workbench.views.extensions.popular,workbench.views.extensions.installed from workbench.view.extensions
2024-12-25 08:58:21.438 [info] Added views:workbench.views.extensions.marketplace in workbench.view.extensions
2024-12-25 08:58:24.211 [info] Removed views:workbench.views.extensions.marketplace from workbench.view.extensions
2024-12-25 08:58:24.222 [info] Added views:workbench.views.extensions.installed,workbench.views.extensions.popular,extensions.recommendedList in workbench.view.extensions
2024-12-25 08:58:27.171 [info] Removed views:extensions.recommendedList,workbench.views.extensions.popular,workbench.views.extensions.installed from workbench.view.extensions
2024-12-25 08:58:27.228 [info] Added views:workbench.views.extensions.marketplace in workbench.view.extensions
2024-12-25 08:58:52.225 [info] Removed views:workbench.views.extensions.marketplace from workbench.view.extensions
2024-12-25 08:58:52.242 [info] Added views:workbench.views.extensions.installed,workbench.views.extensions.popular,extensions.recommendedList in workbench.view.extensions
2024-12-25 09:17:36.145 [info] Removed views:workbench.view.testing from workbench.view.extension.test
